<?xml version="1.0" encoding="UTF-8"?>
<!-- Generated by org.testng.reporters.JUnitReportReporter -->
<testsuite hostname="DESKTOP-23JR659" failures="0" tests="1" name="testCases.FileUploadDemo2" time="0.611" errors="0" timestamp="2024-10-28T11:37:48 AST" skipped="0">
  <testcase classname="testCases.FileUploadDemo2" name="fileUploadTest" time="0.611"/>
</testsuite> <!-- testCases.FileUploadDemo2 -->
