<?xml version="1.0" encoding="UTF-8"?>
<!-- Generated by org.testng.reporters.JUnitReportReporter -->
<testsuite hostname="DESKTOP-23JR659" failures="0" tests="1" name="testCases.Rappel" time="0.593" errors="0" timestamp="2024-10-28T13:22:43 AST" skipped="0">
  <testcase classname="testCases.Rappel" name="fileUploadTest" time="0.593"/>
</testsuite> <!-- testCases.Rappel -->
